[2026-04-04 03:03:46] local.ERROR: SQLSTATE[HY000] [2002] No connection could be made because the target machine actively refused it (Connection: mysql, Host: 127.0.0.1, Port: 3306, Database: laravel, SQL: select exists (select 1 from information_schema.tables where table_schema = schema() and table_name = 'migrations' and table_type in ('BASE TABLE', 'SYSTEM VERSIONED')) as `exists`) {"exception":"[object] (Illuminate\\Database\\QueryException(code: 2002): SQLSTATE[HY000] [2002] No connection could be made because the target machine actively refused it (Connection: mysql, Host: 127.0.0.1, Port: 3306, Database: laravel, SQL: select exists (select 1 from information_schema.tables where table_schema = schema() and table_name = 'migrations' and table_type in ('BASE TABLE', 'SYSTEM VERSIONED')) as `exists`) at D:/KULIAH REVALINA/SEMESTER 4/PWL II/T2_Migration/vendor/laravel/framework/src/Illuminate/Database/Connection.php:838)
[stacktrace]
#0 D:/KULIAH REVALINA/SEMESTER 4/PWL II/T2_Migration/vendor/laravel/framework/src/Illuminate/Database/Connection.php(999): Illuminate/Database/Connection->runQueryCallback('select exists (...', Array, Object(Closure))
#1 D:/KULIAH REVALINA/SEMESTER 4/PWL II/T2_Migration/vendor/laravel/framework/src/Illuminate/Database/Connection.php(978): Illuminate/Database/Connection->tryAgainIfCausedByLostConnection(Object(Illuminate/Database/QueryException), 'select exists (...', Array, Object(Closure))
#2 D:/KULIAH REVALINA/SEMESTER 4/PWL II/T2_Migration/vendor/laravel/framework/src/Illuminate/Database/Connection.php(796): Illuminate/Database/Connection->handleQueryException(Object(Illuminate/Database/QueryException), 'select exists (...', Array, Object(Closure))
#3 D:/KULIAH REVALINA/SEMESTER 4/PWL II/T2_Migration/vendor/laravel/framework/src/Illuminate/Database/Connection.php(411): Illuminate/Database/Connection->run('select exists (...', Array, Object(Closure))
#4 D:/KULIAH REVALINA/SEMESTER 4/PWL II/T2_Migration/vendor/laravel/framework/src/Illuminate/Database/Connection.php(357): Illuminate/Database/Connection->select('select exists (...', Array, true)
#5 D:/KULIAH REVALINA/SEMESTER 4/PWL II/T2_Migration/vendor/laravel/framework/src/Illuminate/Database/Connection.php(374): Illuminate/Database/Connection->selectOne('select exists (...', Array, true)
#6 D:/KULIAH REVALINA/SEMESTER 4/PWL II/T2_Migration/vendor/laravel/framework/src/Illuminate/Database/Schema/Builder.php(176): Illuminate/Database/Connection->scalar('select exists (...')
#7 D:/KULIAH REVALINA/SEMESTER 4/PWL II/T2_Migration/vendor/laravel/framework/src/Illuminate/Database/Migrations/DatabaseMigrationRepository.php(185): Illuminate/Database/Schema/Builder->hasTable('migrations')
#8 D:/KULIAH REVALINA/SEMESTER 4/PWL II/T2_Migration/vendor/laravel/framework/src/Illuminate/Database/Migrations/Migrator.php(758): Illuminate/Database/Migrations/DatabaseMigrationRepository->repositoryExists()
#9 D:/KULIAH REVALINA/SEMESTER 4/PWL II/T2_Migration/vendor/laravel/framework/src/Illuminate/Database/Console/Migrations/MigrateCommand.php(164): Illuminate/Database/Migrations/Migrator->repositoryExists()
#10 D:/KULIAH REVALINA/SEMESTER 4/PWL II/T2_Migration/vendor/laravel/framework/src/Illuminate/Support/helpers.php(328): Illuminate/Database/Console/Migrations/MigrateCommand->Illuminate/Database/Console/Migrations/{closure}(1)
#11 D:/KULIAH REVALINA/SEMESTER 4/PWL II/T2_Migration/vendor/laravel/framework/src/Illuminate/Database/Console/Migrations/MigrateCommand.php(164): retry(1, Object(Closure), 0, Object(Closure))
#12 D:/KULIAH REVALINA/SEMESTER 4/PWL II/T2_Migration/vendor/laravel/framework/src/Illuminate/Database/Console/Migrations/MigrateCommand.php(140): Illuminate/Database/Console/Migrations/MigrateCommand->repositoryExists()
#13 D:/KULIAH REVALINA/SEMESTER 4/PWL II/T2_Migration/vendor/laravel/framework/src/Illuminate/Database/Console/Migrations/MigrateCommand.php(110): Illuminate/Database/Console/Migrations/MigrateCommand->prepareDatabase()
#14 D:/KULIAH REVALINA/SEMESTER 4/PWL II/T2_Migration/vendor/laravel/framework/src/Illuminate/Database/Migrations/Migrator.php(671): Illuminate/Database/Console/Migrations/MigrateCommand->Illuminate/Database/Console/Migrations/{closure}()
#15 D:/KULIAH REVALINA/SEMESTER 4/PWL II/T2_Migration/vendor/laravel/framework/src/Illuminate/Database/Console/Migrations/MigrateCommand.php(109): Illuminate/Database/Migrations/Migrator->usingConnection(NULL, Object(Closure))
#16 D:/KULIAH REVALINA/SEMESTER 4/PWL II/T2_Migration/vendor/laravel/framework/src/Illuminate/Database/Console/Migrations/MigrateCommand.php(88): Illuminate/Database/Console/Migrations/MigrateCommand->runMigrations()
#17 D:/KULIAH REVALINA/SEMESTER 4/PWL II/T2_Migration/vendor/laravel/framework/src/Illuminate/Container/BoundMethod.php(36): Illuminate/Database/Console/Migrations/MigrateCommand->handle()
#18 D:/KULIAH REVALINA/SEMESTER 4/PWL II/T2_Migration/vendor/laravel/framework/src/Illuminate/Container/Util.php(43): Illuminate/Container/BoundMethod::Illuminate/Container/{closure}()
#19 D:/KULIAH REVALINA/SEMESTER 4/PWL II/T2_Migration/vendor/laravel/framework/src/Illuminate/Container/BoundMethod.php(96): Illuminate/Container/Util::unwrapIfClosure(Object(Closure))
#20 D:/KULIAH REVALINA/SEMESTER 4/PWL II/T2_Migration/vendor/laravel/framework/src/Illuminate/Container/BoundMethod.php(35): Illuminate/Container/BoundMethod::callBoundMethod(Object(Illuminate/Foundation/Application), Array, Object(Closure))
#21 D:/KULIAH REVALINA/SEMESTER 4/PWL II/T2_Migration/vendor/laravel/framework/src/Illuminate/Container/Container.php(799): Illuminate/Container/BoundMethod::call(Object(Illuminate/Foundation/Application), Array, Array, NULL)
#22 D:/KULIAH REVALINA/SEMESTER 4/PWL II/T2_Migration/vendor/laravel/framework/src/Illuminate/Console/Command.php(211): Illuminate/Container/Container->call(Array)
#23 D:/KULIAH REVALINA/SEMESTER 4/PWL II/T2_Migration/vendor/symfony/console/Command/Command.php(341): Illuminate/Console/Command->execute(Object(Symfony/Component/Console/Input/ArgvInput), Object(Illuminate/Console/OutputStyle))
#24 D:/KULIAH REVALINA/SEMESTER 4/PWL II/T2_Migration/vendor/laravel/framework/src/Illuminate/Console/Command.php(180): Symfony/Component/Console/Command/Command->run(Object(Symfony/Component/Console/Input/ArgvInput), Object(Illuminate/Console/OutputStyle))
#25 D:/KULIAH REVALINA/SEMESTER 4/PWL II/T2_Migration/vendor/symfony/console/Application.php(1117): Illuminate/Console/Command->run(Object(Symfony/Component/Console/Input/ArgvInput), Object(Symfony/Component/Console/Output/ConsoleOutput))
#26 D:/KULIAH REVALINA/SEMESTER 4/PWL II/T2_Migration/vendor/symfony/console/Application.php(356): Symfony/Component/Console/Application->doRunCommand(Object(Illuminate/Database/Console/Migrations/MigrateCommand), Object(Symfony/Component/Console/Input/ArgvInput), Object(Symfony/Component/Console/Output/ConsoleOutput))
#27 D:/KULIAH REVALINA/SEMESTER 4/PWL II/T2_Migration/vendor/symfony/console/Application.php(195): Symfony/Component/Console/Application->doRun(Object(Symfony/Component/Console/Input/ArgvInput), Object(Symfony/Component/Console/Output/ConsoleOutput))
#28 D:/KULIAH REVALINA/SEMESTER 4/PWL II/T2_Migration/vendor/laravel/framework/src/Illuminate/Foundation/Console/Kernel.php(198): Symfony/Component/Console/Application->run(Object(Symfony/Component/Console/Input/ArgvInput), Object(Symfony/Component/Console/Output/ConsoleOutput))
#29 D:/KULIAH REVALINA/SEMESTER 4/PWL II/T2_Migration/vendor/laravel/framework/src/Illuminate/Foundation/Application.php(1235): Illuminate/Foundation/Console/Kernel->handle(Object(Symfony/Component/Console/Input/ArgvInput), Object(Symfony/Component/Console/Output/ConsoleOutput))
#30 D:/KULIAH REVALINA/SEMESTER 4/PWL II/T2_Migration/artisan(16): Illuminate/Foundation/Application->handleCommand(Object(Symfony/Component/Console/Input/ArgvInput))
#31 {main}

[previous exception] [object] (PDOException(code: 2002): SQLSTATE[HY000] [2002] No connection could be made because the target machine actively refused it at D:/KULIAH REVALINA/SEMESTER 4/PWL II/T2_Migration/vendor/laravel/framework/src/Illuminate/Database/Connectors/Connector.php:66)
[stacktrace]
#0 D:/KULIAH REVALINA/SEMESTER 4/PWL II/T2_Migration/vendor/laravel/framework/src/Illuminate/Database/Connectors/Connector.php(66): PDO->__construct('mysql:host=127....', 'root', Object(SensitiveParameterValue), Array)
#1 D:/KULIAH REVALINA/SEMESTER 4/PWL II/T2_Migration/vendor/laravel/framework/src/Illuminate/Database/Connectors/Connector.php(85): Illuminate/Database/Connectors/Connector->createPdoConnection('mysql:host=127....', 'root', Object(SensitiveParameterValue), Array)
#2 D:/KULIAH REVALINA/SEMESTER 4/PWL II/T2_Migration/vendor/laravel/framework/src/Illuminate/Database/Connectors/Connector.php(48): Illuminate/Database/Connectors/Connector->tryAgainIfCausedByLostConnection(Object(PDOException), 'mysql:host=127....', 'root', Object(SensitiveParameterValue), Array)
#3 D:/KULIAH REVALINA/SEMESTER 4/PWL II/T2_Migration/vendor/laravel/framework/src/Illuminate/Database/Connectors/MySqlConnector.php(24): Illuminate/Database/Connectors/Connector->createConnection('mysql:host=127....', Array, Array)
#4 D:/KULIAH REVALINA/SEMESTER 4/PWL II/T2_Migration/vendor/laravel/framework/src/Illuminate/Database/Connectors/ConnectionFactory.php(186): Illuminate/Database/Connectors/MySqlConnector->connect(Array)
#5 [internal function]: Illuminate/Database/Connectors/ConnectionFactory->Illuminate/Database/Connectors/{closure}()
#6 D:/KULIAH REVALINA/SEMESTER 4/PWL II/T2_Migration/vendor/laravel/framework/src/Illuminate/Database/Connection.php(1257): call_user_func(Object(Closure))
#7 D:/KULIAH REVALINA/SEMESTER 4/PWL II/T2_Migration/vendor/laravel/framework/src/Illuminate/Database/Connection.php(1295): Illuminate/Database/Connection->getPdo()
#8 D:/KULIAH REVALINA/SEMESTER 4/PWL II/T2_Migration/vendor/laravel/framework/src/Illuminate/Database/Connection.php(525): Illuminate/Database/Connection->getReadPdo()
#9 D:/KULIAH REVALINA/SEMESTER 4/PWL II/T2_Migration/vendor/laravel/framework/src/Illuminate/Database/Connection.php(420): Illuminate/Database/Connection->getPdoForSelect(true)
#10 D:/KULIAH REVALINA/SEMESTER 4/PWL II/T2_Migration/vendor/laravel/framework/src/Illuminate/Database/Connection.php(827): Illuminate/Database/Connection->Illuminate/Database/{closure}('select exists (...', Array)
#11 D:/KULIAH REVALINA/SEMESTER 4/PWL II/T2_Migration/vendor/laravel/framework/src/Illuminate/Database/Connection.php(999): Illuminate/Database/Connection->runQueryCallback('select exists (...', Array, Object(Closure))
#12 D:/KULIAH REVALINA/SEMESTER 4/PWL II/T2_Migration/vendor/laravel/framework/src/Illuminate/Database/Connection.php(978): Illuminate/Database/Connection->tryAgainIfCausedByLostConnection(Object(Illuminate/Database/QueryException), 'select exists (...', Array, Object(Closure))
#13 D:/KULIAH REVALINA/SEMESTER 4/PWL II/T2_Migration/vendor/laravel/framework/src/Illuminate/Database/Connection.php(796): Illuminate/Database/Connection->handleQueryException(Object(Illuminate/Database/QueryException), 'select exists (...', Array, Object(Closure))
#14 D:/KULIAH REVALINA/SEMESTER 4/PWL II/T2_Migration/vendor/laravel/framework/src/Illuminate/Database/Connection.php(411): Illuminate/Database/Connection->run('select exists (...', Array, Object(Closure))
#15 D:/KULIAH REVALINA/SEMESTER 4/PWL II/T2_Migration/vendor/laravel/framework/src/Illuminate/Database/Connection.php(357): Illuminate/Database/Connection->select('select exists (...', Array, true)
#16 D:/KULIAH REVALINA/SEMESTER 4/PWL II/T2_Migration/vendor/laravel/framework/src/Illuminate/Database/Connection.php(374): Illuminate/Database/Connection->selectOne('select exists (...', Array, true)
#17 D:/KULIAH REVALINA/SEMESTER 4/PWL II/T2_Migration/vendor/laravel/framework/src/Illuminate/Database/Schema/Builder.php(176): Illuminate/Database/Connection->scalar('select exists (...')
#18 D:/KULIAH REVALINA/SEMESTER 4/PWL II/T2_Migration/vendor/laravel/framework/src/Illuminate/Database/Migrations/DatabaseMigrationRepository.php(185): Illuminate/Database/Schema/Builder->hasTable('migrations')
#19 D:/KULIAH REVALINA/SEMESTER 4/PWL II/T2_Migration/vendor/laravel/framework/src/Illuminate/Database/Migrations/Migrator.php(758): Illuminate/Database/Migrations/DatabaseMigrationRepository->repositoryExists()
#20 D:/KULIAH REVALINA/SEMESTER 4/PWL II/T2_Migration/vendor/laravel/framework/src/Illuminate/Database/Console/Migrations/MigrateCommand.php(164): Illuminate/Database/Migrations/Migrator->repositoryExists()
#21 D:/KULIAH REVALINA/SEMESTER 4/PWL II/T2_Migration/vendor/laravel/framework/src/Illuminate/Support/helpers.php(328): Illuminate/Database/Console/Migrations/MigrateCommand->Illuminate/Database/Console/Migrations/{closure}(1)
#22 D:/KULIAH REVALINA/SEMESTER 4/PWL II/T2_Migration/vendor/laravel/framework/src/Illuminate/Database/Console/Migrations/MigrateCommand.php(164): retry(1, Object(Closure), 0, Object(Closure))
#23 D:/KULIAH REVALINA/SEMESTER 4/PWL II/T2_Migration/vendor/laravel/framework/src/Illuminate/Database/Console/Migrations/MigrateCommand.php(140): Illuminate/Database/Console/Migrations/MigrateCommand->repositoryExists()
#24 D:/KULIAH REVALINA/SEMESTER 4/PWL II/T2_Migration/vendor/laravel/framework/src/Illuminate/Database/Console/Migrations/MigrateCommand.php(110): Illuminate/Database/Console/Migrations/MigrateCommand->prepareDatabase()
#25 D:/KULIAH REVALINA/SEMESTER 4/PWL II/T2_Migration/vendor/laravel/framework/src/Illuminate/Database/Migrations/Migrator.php(671): Illuminate/Database/Console/Migrations/MigrateCommand->Illuminate/Database/Console/Migrations/{closure}()
#26 D:/KULIAH REVALINA/SEMESTER 4/PWL II/T2_Migration/vendor/laravel/framework/src/Illuminate/Database/Console/Migrations/MigrateCommand.php(109): Illuminate/Database/Migrations/Migrator->usingConnection(NULL, Object(Closure))
#27 D:/KULIAH REVALINA/SEMESTER 4/PWL II/T2_Migration/vendor/laravel/framework/src/Illuminate/Database/Console/Migrations/MigrateCommand.php(88): Illuminate/Database/Console/Migrations/MigrateCommand->runMigrations()
#28 D:/KULIAH REVALINA/SEMESTER 4/PWL II/T2_Migration/vendor/laravel/framework/src/Illuminate/Container/BoundMethod.php(36): Illuminate/Database/Console/Migrations/MigrateCommand->handle()
#29 D:/KULIAH REVALINA/SEMESTER 4/PWL II/T2_Migration/vendor/laravel/framework/src/Illuminate/Container/Util.php(43): Illuminate/Container/BoundMethod::Illuminate/Container/{closure}()
#30 D:/KULIAH REVALINA/SEMESTER 4/PWL II/T2_Migration/vendor/laravel/framework/src/Illuminate/Container/BoundMethod.php(96): Illuminate/Container/Util::unwrapIfClosure(Object(Closure))
#31 D:/KULIAH REVALINA/SEMESTER 4/PWL II/T2_Migration/vendor/laravel/framework/src/Illuminate/Container/BoundMethod.php(35): Illuminate/Container/BoundMethod::callBoundMethod(Object(Illuminate/Foundation/Application), Array, Object(Closure))
#32 D:/KULIAH REVALINA/SEMESTER 4/PWL II/T2_Migration/vendor/laravel/framework/src/Illuminate/Container/Container.php(799): Illuminate/Container/BoundMethod::call(Object(Illuminate/Foundation/Application), Array, Array, NULL)
#33 D:/KULIAH REVALINA/SEMESTER 4/PWL II/T2_Migration/vendor/laravel/framework/src/Illuminate/Console/Command.php(211): Illuminate/Container/Container->call(Array)
#34 D:/KULIAH REVALINA/SEMESTER 4/PWL II/T2_Migration/vendor/symfony/console/Command/Command.php(341): Illuminate/Console/Command->execute(Object(Symfony/Component/Console/Input/ArgvInput), Object(Illuminate/Console/OutputStyle))
#35 D:/KULIAH REVALINA/SEMESTER 4/PWL II/T2_Migration/vendor/laravel/framework/src/Illuminate/Console/Command.php(180): Symfony/Component/Console/Command/Command->run(Object(Symfony/Component/Console/Input/ArgvInput), Object(Illuminate/Console/OutputStyle))
#36 D:/KULIAH REVALINA/SEMESTER 4/PWL II/T2_Migration/vendor/symfony/console/Application.php(1117): Illuminate/Console/Command->run(Object(Symfony/Component/Console/Input/ArgvInput), Object(Symfony/Component/Console/Output/ConsoleOutput))
#37 D:/KULIAH REVALINA/SEMESTER 4/PWL II/T2_Migration/vendor/symfony/console/Application.php(356): Symfony/Component/Console/Application->doRunCommand(Object(Illuminate/Database/Console/Migrations/MigrateCommand), Object(Symfony/Component/Console/Input/ArgvInput), Object(Symfony/Component/Console/Output/ConsoleOutput))
#38 D:/KULIAH REVALINA/SEMESTER 4/PWL II/T2_Migration/vendor/symfony/console/Application.php(195): Symfony/Component/Console/Application->doRun(Object(Symfony/Component/Console/Input/ArgvInput), Object(Symfony/Component/Console/Output/ConsoleOutput))
#39 D:/KULIAH REVALINA/SEMESTER 4/PWL II/T2_Migration/vendor/laravel/framework/src/Illuminate/Foundation/Console/Kernel.php(198): Symfony/Component/Console/Application->run(Object(Symfony/Component/Console/Input/ArgvInput), Object(Symfony/Component/Console/Output/ConsoleOutput))
#40 D:/KULIAH REVALINA/SEMESTER 4/PWL II/T2_Migration/vendor/laravel/framework/src/Illuminate/Foundation/Application.php(1235): Illuminate/Foundation/Console/Kernel->handle(Object(Symfony/Component/Console/Input/ArgvInput), Object(Symfony/Component/Console/Output/ConsoleOutput))
#41 D:/KULIAH REVALINA/SEMESTER 4/PWL II/T2_Migration/artisan(16): Illuminate/Foundation/Application->handleCommand(Object(Symfony/Component/Console/Input/ArgvInput))
#42 {main}
"} 
[2026-04-04 03:13:55] local.ERROR: SQLSTATE[42S21]: Column already exists: 1060 Duplicate column name 'id' (Connection: mysql, Host: 127.0.0.1, Port: 3306, Database: T2_laravel_migration, SQL: create table `produks` (`id` bigint unsigned not null auto_increment primary key, `id` bigint unsigned not null auto_increment primary key, `nama_produk` varchar(255) not null, `harga` decimal(10, 2) not null, `supplier_id` bigint unsigned not null, `created_at` timestamp null, `updated_at` timestamp null) default character set utf8mb4 collate 'utf8mb4_unicode_ci') {"exception":"[object] (Illuminate\\Database\\QueryException(code: 42S21): SQLSTATE[42S21]: Column already exists: 1060 Duplicate column name 'id' (Connection: mysql, Host: 127.0.0.1, Port: 3306, Database: T2_laravel_migration, SQL: create table `produks` (`id` bigint unsigned not null auto_increment primary key, `id` bigint unsigned not null auto_increment primary key, `nama_produk` varchar(255) not null, `harga` decimal(10, 2) not null, `supplier_id` bigint unsigned not null, `created_at` timestamp null, `updated_at` timestamp null) default character set utf8mb4 collate 'utf8mb4_unicode_ci') at D:/KULIAH REVALINA/SEMESTER 4/PWL II/T2_Migration/vendor/laravel/framework/src/Illuminate/Database/Connection.php:838)
[stacktrace]
#0 D:/KULIAH REVALINA/SEMESTER 4/PWL II/T2_Migration/vendor/laravel/framework/src/Illuminate/Database/Connection.php(794): Illuminate/Database/Connection->runQueryCallback('create table `p...', Array, Object(Closure))
#1 D:/KULIAH REVALINA/SEMESTER 4/PWL II/T2_Migration/vendor/laravel/framework/src/Illuminate/Database/Connection.php(573): Illuminate/Database/Connection->run('create table `p...', Array, Object(Closure))
#2 D:/KULIAH REVALINA/SEMESTER 4/PWL II/T2_Migration/vendor/laravel/framework/src/Illuminate/Database/Schema/Blueprint.php(121): Illuminate/Database/Connection->statement('create table `p...')
#3 D:/KULIAH REVALINA/SEMESTER 4/PWL II/T2_Migration/vendor/laravel/framework/src/Illuminate/Database/Schema/Builder.php(686): Illuminate/Database/Schema/Blueprint->build()
#4 D:/KULIAH REVALINA/SEMESTER 4/PWL II/T2_Migration/vendor/laravel/framework/src/Illuminate/Database/Schema/Builder.php(506): Illuminate/Database/Schema/Builder->build(Object(Illuminate/Database/Schema/Blueprint))
#5 D:/KULIAH REVALINA/SEMESTER 4/PWL II/T2_Migration/vendor/laravel/framework/src/Illuminate/Support/Facades/Facade.php(363): Illuminate/Database/Schema/Builder->create('produks', Object(Closure))
#6 D:/KULIAH REVALINA/SEMESTER 4/PWL II/T2_Migration/database/migrations/2026_04_04_031022_create_produks_table.php(14): Illuminate/Support/Facades/Facade::__callStatic('create', Array)
#7 D:/KULIAH REVALINA/SEMESTER 4/PWL II/T2_Migration/vendor/laravel/framework/src/Illuminate/Database/Migrations/Migrator.php(517): Illuminate/Database/Migrations/Migration@anonymous->up()
#8 D:/KULIAH REVALINA/SEMESTER 4/PWL II/T2_Migration/vendor/laravel/framework/src/Illuminate/Database/Migrations/Migrator.php(442): Illuminate/Database/Migrations/Migrator->runMethod(Object(Illuminate/Database/MySqlConnection), Object(Illuminate/Database/Migrations/Migration@anonymous), 'up')
#9 D:/KULIAH REVALINA/SEMESTER 4/PWL II/T2_Migration/vendor/laravel/framework/src/Illuminate/Database/Migrations/Migrator.php(451): Illuminate/Database/Migrations/Migrator->Illuminate/Database/Migrations/{closure}()
#10 D:/KULIAH REVALINA/SEMESTER 4/PWL II/T2_Migration/vendor/laravel/framework/src/Illuminate/Database/Migrations/Migrator.php(253): Illuminate/Database/Migrations/Migrator->runMigration(Object(Illuminate/Database/Migrations/Migration@anonymous), 'up')
#11 D:/KULIAH REVALINA/SEMESTER 4/PWL II/T2_Migration/vendor/laravel/framework/src/Illuminate/Console/View/Components/Task.php(41): Illuminate/Database/Migrations/Migrator->Illuminate/Database/Migrations/{closure}()
#12 D:/KULIAH REVALINA/SEMESTER 4/PWL II/T2_Migration/vendor/laravel/framework/src/Illuminate/Database/Migrations/Migrator.php(814): Illuminate/Console/View/Components/Task->render('2026_04_04_0310...', Object(Closure))
#13 D:/KULIAH REVALINA/SEMESTER 4/PWL II/T2_Migration/vendor/laravel/framework/src/Illuminate/Database/Migrations/Migrator.php(253): Illuminate/Database/Migrations/Migrator->write('Illuminate//Cons...', '2026_04_04_0310...', Object(Closure))
#14 D:/KULIAH REVALINA/SEMESTER 4/PWL II/T2_Migration/vendor/laravel/framework/src/Illuminate/Database/Migrations/Migrator.php(211): Illuminate/Database/Migrations/Migrator->runUp('D://KULIAH REVAL...', 1, false)
#15 D:/KULIAH REVALINA/SEMESTER 4/PWL II/T2_Migration/vendor/laravel/framework/src/Illuminate/Database/Migrations/Migrator.php(138): Illuminate/Database/Migrations/Migrator->runPending(Array, Array)
#16 D:/KULIAH REVALINA/SEMESTER 4/PWL II/T2_Migration/vendor/laravel/framework/src/Illuminate/Database/Console/Migrations/MigrateCommand.php(116): Illuminate/Database/Migrations/Migrator->run(Array, Array)
#17 D:/KULIAH REVALINA/SEMESTER 4/PWL II/T2_Migration/vendor/laravel/framework/src/Illuminate/Database/Migrations/Migrator.php(671): Illuminate/Database/Console/Migrations/MigrateCommand->Illuminate/Database/Console/Migrations/{closure}()
#18 D:/KULIAH REVALINA/SEMESTER 4/PWL II/T2_Migration/vendor/laravel/framework/src/Illuminate/Database/Console/Migrations/MigrateCommand.php(109): Illuminate/Database/Migrations/Migrator->usingConnection(NULL, Object(Closure))
#19 D:/KULIAH REVALINA/SEMESTER 4/PWL II/T2_Migration/vendor/laravel/framework/src/Illuminate/Database/Console/Migrations/MigrateCommand.php(88): Illuminate/Database/Console/Migrations/MigrateCommand->runMigrations()
#20 D:/KULIAH REVALINA/SEMESTER 4/PWL II/T2_Migration/vendor/laravel/framework/src/Illuminate/Container/BoundMethod.php(36): Illuminate/Database/Console/Migrations/MigrateCommand->handle()
#21 D:/KULIAH REVALINA/SEMESTER 4/PWL II/T2_Migration/vendor/laravel/framework/src/Illuminate/Container/Util.php(43): Illuminate/Container/BoundMethod::Illuminate/Container/{closure}()
#22 D:/KULIAH REVALINA/SEMESTER 4/PWL II/T2_Migration/vendor/laravel/framework/src/Illuminate/Container/BoundMethod.php(96): Illuminate/Container/Util::unwrapIfClosure(Object(Closure))
#23 D:/KULIAH REVALINA/SEMESTER 4/PWL II/T2_Migration/vendor/laravel/framework/src/Illuminate/Container/BoundMethod.php(35): Illuminate/Container/BoundMethod::callBoundMethod(Object(Illuminate/Foundation/Application), Array, Object(Closure))
#24 D:/KULIAH REVALINA/SEMESTER 4/PWL II/T2_Migration/vendor/laravel/framework/src/Illuminate/Container/Container.php(799): Illuminate/Container/BoundMethod::call(Object(Illuminate/Foundation/Application), Array, Array, NULL)
#25 D:/KULIAH REVALINA/SEMESTER 4/PWL II/T2_Migration/vendor/laravel/framework/src/Illuminate/Console/Command.php(211): Illuminate/Container/Container->call(Array)
#26 D:/KULIAH REVALINA/SEMESTER 4/PWL II/T2_Migration/vendor/symfony/console/Command/Command.php(341): Illuminate/Console/Command->execute(Object(Symfony/Component/Console/Input/ArgvInput), Object(Illuminate/Console/OutputStyle))
#27 D:/KULIAH REVALINA/SEMESTER 4/PWL II/T2_Migration/vendor/laravel/framework/src/Illuminate/Console/Command.php(180): Symfony/Component/Console/Command/Command->run(Object(Symfony/Component/Console/Input/ArgvInput), Object(Illuminate/Console/OutputStyle))
#28 D:/KULIAH REVALINA/SEMESTER 4/PWL II/T2_Migration/vendor/symfony/console/Application.php(1117): Illuminate/Console/Command->run(Object(Symfony/Component/Console/Input/ArgvInput), Object(Symfony/Component/Console/Output/ConsoleOutput))
#29 D:/KULIAH REVALINA/SEMESTER 4/PWL II/T2_Migration/vendor/symfony/console/Application.php(356): Symfony/Component/Console/Application->doRunCommand(Object(Illuminate/Database/Console/Migrations/MigrateCommand), Object(Symfony/Component/Console/Input/ArgvInput), Object(Symfony/Component/Console/Output/ConsoleOutput))
#30 D:/KULIAH REVALINA/SEMESTER 4/PWL II/T2_Migration/vendor/symfony/console/Application.php(195): Symfony/Component/Console/Application->doRun(Object(Symfony/Component/Console/Input/ArgvInput), Object(Symfony/Component/Console/Output/ConsoleOutput))
#31 D:/KULIAH REVALINA/SEMESTER 4/PWL II/T2_Migration/vendor/laravel/framework/src/Illuminate/Foundation/Console/Kernel.php(198): Symfony/Component/Console/Application->run(Object(Symfony/Component/Console/Input/ArgvInput), Object(Symfony/Component/Console/Output/ConsoleOutput))
#32 D:/KULIAH REVALINA/SEMESTER 4/PWL II/T2_Migration/vendor/laravel/framework/src/Illuminate/Foundation/Application.php(1235): Illuminate/Foundation/Console/Kernel->handle(Object(Symfony/Component/Console/Input/ArgvInput), Object(Symfony/Component/Console/Output/ConsoleOutput))
#33 D:/KULIAH REVALINA/SEMESTER 4/PWL II/T2_Migration/artisan(16): Illuminate/Foundation/Application->handleCommand(Object(Symfony/Component/Console/Input/ArgvInput))
#34 {main}

[previous exception] [object] (PDOException(code: 42S21): SQLSTATE[42S21]: Column already exists: 1060 Duplicate column name 'id' at D:/KULIAH REVALINA/SEMESTER 4/PWL II/T2_Migration/vendor/laravel/framework/src/Illuminate/Database/Connection.php:584)
[stacktrace]
#0 D:/KULIAH REVALINA/SEMESTER 4/PWL II/T2_Migration/vendor/laravel/framework/src/Illuminate/Database/Connection.php(584): PDOStatement->execute()
#1 D:/KULIAH REVALINA/SEMESTER 4/PWL II/T2_Migration/vendor/laravel/framework/src/Illuminate/Database/Connection.php(827): Illuminate/Database/Connection->Illuminate/Database/{closure}('create table `p...', Array)
#2 D:/KULIAH REVALINA/SEMESTER 4/PWL II/T2_Migration/vendor/laravel/framework/src/Illuminate/Database/Connection.php(794): Illuminate/Database/Connection->runQueryCallback('create table `p...', Array, Object(Closure))
#3 D:/KULIAH REVALINA/SEMESTER 4/PWL II/T2_Migration/vendor/laravel/framework/src/Illuminate/Database/Connection.php(573): Illuminate/Database/Connection->run('create table `p...', Array, Object(Closure))
#4 D:/KULIAH REVALINA/SEMESTER 4/PWL II/T2_Migration/vendor/laravel/framework/src/Illuminate/Database/Schema/Blueprint.php(121): Illuminate/Database/Connection->statement('create table `p...')
#5 D:/KULIAH REVALINA/SEMESTER 4/PWL II/T2_Migration/vendor/laravel/framework/src/Illuminate/Database/Schema/Builder.php(686): Illuminate/Database/Schema/Blueprint->build()
#6 D:/KULIAH REVALINA/SEMESTER 4/PWL II/T2_Migration/vendor/laravel/framework/src/Illuminate/Database/Schema/Builder.php(506): Illuminate/Database/Schema/Builder->build(Object(Illuminate/Database/Schema/Blueprint))
#7 D:/KULIAH REVALINA/SEMESTER 4/PWL II/T2_Migration/vendor/laravel/framework/src/Illuminate/Support/Facades/Facade.php(363): Illuminate/Database/Schema/Builder->create('produks', Object(Closure))
#8 D:/KULIAH REVALINA/SEMESTER 4/PWL II/T2_Migration/database/migrations/2026_04_04_031022_create_produks_table.php(14): Illuminate/Support/Facades/Facade::__callStatic('create', Array)
#9 D:/KULIAH REVALINA/SEMESTER 4/PWL II/T2_Migration/vendor/laravel/framework/src/Illuminate/Database/Migrations/Migrator.php(517): Illuminate/Database/Migrations/Migration@anonymous->up()
#10 D:/KULIAH REVALINA/SEMESTER 4/PWL II/T2_Migration/vendor/laravel/framework/src/Illuminate/Database/Migrations/Migrator.php(442): Illuminate/Database/Migrations/Migrator->runMethod(Object(Illuminate/Database/MySqlConnection), Object(Illuminate/Database/Migrations/Migration@anonymous), 'up')
#11 D:/KULIAH REVALINA/SEMESTER 4/PWL II/T2_Migration/vendor/laravel/framework/src/Illuminate/Database/Migrations/Migrator.php(451): Illuminate/Database/Migrations/Migrator->Illuminate/Database/Migrations/{closure}()
#12 D:/KULIAH REVALINA/SEMESTER 4/PWL II/T2_Migration/vendor/laravel/framework/src/Illuminate/Database/Migrations/Migrator.php(253): Illuminate/Database/Migrations/Migrator->runMigration(Object(Illuminate/Database/Migrations/Migration@anonymous), 'up')
#13 D:/KULIAH REVALINA/SEMESTER 4/PWL II/T2_Migration/vendor/laravel/framework/src/Illuminate/Console/View/Components/Task.php(41): Illuminate/Database/Migrations/Migrator->Illuminate/Database/Migrations/{closure}()
#14 D:/KULIAH REVALINA/SEMESTER 4/PWL II/T2_Migration/vendor/laravel/framework/src/Illuminate/Database/Migrations/Migrator.php(814): Illuminate/Console/View/Components/Task->render('2026_04_04_0310...', Object(Closure))
#15 D:/KULIAH REVALINA/SEMESTER 4/PWL II/T2_Migration/vendor/laravel/framework/src/Illuminate/Database/Migrations/Migrator.php(253): Illuminate/Database/Migrations/Migrator->write('Illuminate//Cons...', '2026_04_04_0310...', Object(Closure))
#16 D:/KULIAH REVALINA/SEMESTER 4/PWL II/T2_Migration/vendor/laravel/framework/src/Illuminate/Database/Migrations/Migrator.php(211): Illuminate/Database/Migrations/Migrator->runUp('D://KULIAH REVAL...', 1, false)
#17 D:/KULIAH REVALINA/SEMESTER 4/PWL II/T2_Migration/vendor/laravel/framework/src/Illuminate/Database/Migrations/Migrator.php(138): Illuminate/Database/Migrations/Migrator->runPending(Array, Array)
#18 D:/KULIAH REVALINA/SEMESTER 4/PWL II/T2_Migration/vendor/laravel/framework/src/Illuminate/Database/Console/Migrations/MigrateCommand.php(116): Illuminate/Database/Migrations/Migrator->run(Array, Array)
#19 D:/KULIAH REVALINA/SEMESTER 4/PWL II/T2_Migration/vendor/laravel/framework/src/Illuminate/Database/Migrations/Migrator.php(671): Illuminate/Database/Console/Migrations/MigrateCommand->Illuminate/Database/Console/Migrations/{closure}()
#20 D:/KULIAH REVALINA/SEMESTER 4/PWL II/T2_Migration/vendor/laravel/framework/src/Illuminate/Database/Console/Migrations/MigrateCommand.php(109): Illuminate/Database/Migrations/Migrator->usingConnection(NULL, Object(Closure))
#21 D:/KULIAH REVALINA/SEMESTER 4/PWL II/T2_Migration/vendor/laravel/framework/src/Illuminate/Database/Console/Migrations/MigrateCommand.php(88): Illuminate/Database/Console/Migrations/MigrateCommand->runMigrations()
#22 D:/KULIAH REVALINA/SEMESTER 4/PWL II/T2_Migration/vendor/laravel/framework/src/Illuminate/Container/BoundMethod.php(36): Illuminate/Database/Console/Migrations/MigrateCommand->handle()
#23 D:/KULIAH REVALINA/SEMESTER 4/PWL II/T2_Migration/vendor/laravel/framework/src/Illuminate/Container/Util.php(43): Illuminate/Container/BoundMethod::Illuminate/Container/{closure}()
#24 D:/KULIAH REVALINA/SEMESTER 4/PWL II/T2_Migration/vendor/laravel/framework/src/Illuminate/Container/BoundMethod.php(96): Illuminate/Container/Util::unwrapIfClosure(Object(Closure))
#25 D:/KULIAH REVALINA/SEMESTER 4/PWL II/T2_Migration/vendor/laravel/framework/src/Illuminate/Container/BoundMethod.php(35): Illuminate/Container/BoundMethod::callBoundMethod(Object(Illuminate/Foundation/Application), Array, Object(Closure))
#26 D:/KULIAH REVALINA/SEMESTER 4/PWL II/T2_Migration/vendor/laravel/framework/src/Illuminate/Container/Container.php(799): Illuminate/Container/BoundMethod::call(Object(Illuminate/Foundation/Application), Array, Array, NULL)
#27 D:/KULIAH REVALINA/SEMESTER 4/PWL II/T2_Migration/vendor/laravel/framework/src/Illuminate/Console/Command.php(211): Illuminate/Container/Container->call(Array)
#28 D:/KULIAH REVALINA/SEMESTER 4/PWL II/T2_Migration/vendor/symfony/console/Command/Command.php(341): Illuminate/Console/Command->execute(Object(Symfony/Component/Console/Input/ArgvInput), Object(Illuminate/Console/OutputStyle))
#29 D:/KULIAH REVALINA/SEMESTER 4/PWL II/T2_Migration/vendor/laravel/framework/src/Illuminate/Console/Command.php(180): Symfony/Component/Console/Command/Command->run(Object(Symfony/Component/Console/Input/ArgvInput), Object(Illuminate/Console/OutputStyle))
#30 D:/KULIAH REVALINA/SEMESTER 4/PWL II/T2_Migration/vendor/symfony/console/Application.php(1117): Illuminate/Console/Command->run(Object(Symfony/Component/Console/Input/ArgvInput), Object(Symfony/Component/Console/Output/ConsoleOutput))
#31 D:/KULIAH REVALINA/SEMESTER 4/PWL II/T2_Migration/vendor/symfony/console/Application.php(356): Symfony/Component/Console/Application->doRunCommand(Object(Illuminate/Database/Console/Migrations/MigrateCommand), Object(Symfony/Component/Console/Input/ArgvInput), Object(Symfony/Component/Console/Output/ConsoleOutput))
#32 D:/KULIAH REVALINA/SEMESTER 4/PWL II/T2_Migration/vendor/symfony/console/Application.php(195): Symfony/Component/Console/Application->doRun(Object(Symfony/Component/Console/Input/ArgvInput), Object(Symfony/Component/Console/Output/ConsoleOutput))
#33 D:/KULIAH REVALINA/SEMESTER 4/PWL II/T2_Migration/vendor/laravel/framework/src/Illuminate/Foundation/Console/Kernel.php(198): Symfony/Component/Console/Application->run(Object(Symfony/Component/Console/Input/ArgvInput), Object(Symfony/Component/Console/Output/ConsoleOutput))
#34 D:/KULIAH REVALINA/SEMESTER 4/PWL II/T2_Migration/vendor/laravel/framework/src/Illuminate/Foundation/Application.php(1235): Illuminate/Foundation/Console/Kernel->handle(Object(Symfony/Component/Console/Input/ArgvInput), Object(Symfony/Component/Console/Output/ConsoleOutput))
#35 D:/KULIAH REVALINA/SEMESTER 4/PWL II/T2_Migration/artisan(16): Illuminate/Foundation/Application->handleCommand(Object(Symfony/Component/Console/Input/ArgvInput))
#36 {main}
"} 
[2026-04-16 04:23:22] local.ERROR: Cannot declare class Database\Seeders\DatabaseSeeder, because the name is already in use {"exception":"[object] (Symfony\\Component\\ErrorHandler\\Error\\FatalError(code: 0): Cannot declare class Database\\Seeders\\DatabaseSeeder, because the name is already in use at D:/KULIAH REVALINA/SEMESTER 4/PWL II/T2_Migration/database/seeders/KategoriSeeder.php:9)
[stacktrace]
#0 {main}
"} 
[2026-04-16 04:24:06] local.ERROR: Cannot declare class Database\Seeders\DatabaseSeeder, because the name is already in use {"exception":"[object] (Symfony\\Component\\ErrorHandler\\Error\\FatalError(code: 0): Cannot declare class Database\\Seeders\\DatabaseSeeder, because the name is already in use at D:/KULIAH REVALINA/SEMESTER 4/PWL II/T2_Migration/database/seeders/KategoriSeeder.php:9)
[stacktrace]
#0 {main}
"} 
