[2026-04-19 12:12:37] local.ERROR: SQLSTATE[42S02]: Base table or view not found: 1146 Table 't3-seeder-faker.users' doesn't exist (Connection: mysql, Host: 127.0.0.1, Port: 3306, Database: t3-seeder-faker, SQL: insert into `users` (`name`, `email`, `email_verified_at`, `password`, `remember_token`, `updated_at`, `created_at`) values (Test User, test@example.com, 2026-04-19 12:12:36, $2y$12$H1WShxZbmJOJyqIkYPFCseexBoH03/7kpj2KscWVi/FzmT2ksHJ8K, 3gn4VsnOH9, 2026-04-19 12:12:37, 2026-04-19 12:12:37)) {"exception":"[object] (Illuminate\\Database\\QueryException(code: 42S02): SQLSTATE[42S02]: Base table or view not found: 1146 Table 't3-seeder-faker.users' doesn't exist (Connection: mysql, Host: 127.0.0.1, Port: 3306, Database: t3-seeder-faker, SQL: insert into `users` (`name`, `email`, `email_verified_at`, `password`, `remember_token`, `updated_at`, `created_at`) values (Test User, test@example.com, 2026-04-19 12:12:36, $2y$12$H1WShxZbmJOJyqIkYPFCseexBoH03/7kpj2KscWVi/FzmT2ksHJ8K, 3gn4VsnOH9, 2026-04-19 12:12:37, 2026-04-19 12:12:37)) at D:/KULIAH REVALINA/SEMESTER 4/PWL II/T3-SEEDER-FAKER/vendor/laravel/framework/src/Illuminate/Database/Connection.php:838)
[stacktrace]
#0 D:/KULIAH REVALINA/SEMESTER 4/PWL II/T3-SEEDER-FAKER/vendor/laravel/framework/src/Illuminate/Database/Connection.php(794): Illuminate/Database/Connection->runQueryCallback('insert into `us...', Array, Object(Closure))
#1 D:/KULIAH REVALINA/SEMESTER 4/PWL II/T3-SEEDER-FAKER/vendor/laravel/framework/src/Illuminate/Database/MySqlConnection.php(42): Illuminate/Database/Connection->run('insert into `us...', Array, Object(Closure))
#2 D:/KULIAH REVALINA/SEMESTER 4/PWL II/T3-SEEDER-FAKER/vendor/laravel/framework/src/Illuminate/Database/Query/Processors/MySqlProcessor.php(35): Illuminate/Database/MySqlConnection->insert('insert into `us...', Array, 'id')
#3 D:/KULIAH REVALINA/SEMESTER 4/PWL II/T3-SEEDER-FAKER/vendor/laravel/framework/src/Illuminate/Database/Query/Builder.php(4170): Illuminate/Database/Query/Processors/MySqlProcessor->processInsertGetId(Object(Illuminate/Database/Query/Builder), 'insert into `us...', Array, 'id')
#4 D:/KULIAH REVALINA/SEMESTER 4/PWL II/T3-SEEDER-FAKER/vendor/laravel/framework/src/Illuminate/Database/Eloquent/Builder.php(2237): Illuminate/Database/Query/Builder->insertGetId(Array, 'id')
#5 D:/KULIAH REVALINA/SEMESTER 4/PWL II/T3-SEEDER-FAKER/vendor/laravel/framework/src/Illuminate/Database/Eloquent/Model.php(1436): Illuminate/Database/Eloquent/Builder->__call('insertGetId', Array)
#6 D:/KULIAH REVALINA/SEMESTER 4/PWL II/T3-SEEDER-FAKER/vendor/laravel/framework/src/Illuminate/Database/Eloquent/Model.php(1401): Illuminate/Database/Eloquent/Model->insertAndSetId(Object(Illuminate/Database/Eloquent/Builder), Array)
#7 D:/KULIAH REVALINA/SEMESTER 4/PWL II/T3-SEEDER-FAKER/vendor/laravel/framework/src/Illuminate/Database/Eloquent/Model.php(1240): Illuminate/Database/Eloquent/Model->performInsert(Object(Illuminate/Database/Eloquent/Builder))
#8 D:/KULIAH REVALINA/SEMESTER 4/PWL II/T3-SEEDER-FAKER/vendor/laravel/framework/src/Illuminate/Database/Eloquent/Factories/Factory.php(370): Illuminate/Database/Eloquent/Model->save()
#9 D:/KULIAH REVALINA/SEMESTER 4/PWL II/T3-SEEDER-FAKER/vendor/laravel/framework/src/Illuminate/Collections/Traits/EnumeratesValues.php(275): Illuminate/Database/Eloquent/Factories/Factory->Illuminate/Database/Eloquent/Factories/{closure}(Object(App/Models/User), 0)
#10 D:/KULIAH REVALINA/SEMESTER 4/PWL II/T3-SEEDER-FAKER/vendor/laravel/framework/src/Illuminate/Database/Eloquent/Factories/Factory.php(365): Illuminate/Support/Collection->each(Object(Closure))
#11 D:/KULIAH REVALINA/SEMESTER 4/PWL II/T3-SEEDER-FAKER/vendor/laravel/framework/src/Illuminate/Database/Eloquent/Factories/Factory.php(321): Illuminate/Database/Eloquent/Factories/Factory->store(Object(Illuminate/Support/Collection))
#12 D:/KULIAH REVALINA/SEMESTER 4/PWL II/T3-SEEDER-FAKER/vendor/laravel/framework/src/Illuminate/Database/Eloquent/Factories/Factory.php(315): Illuminate/Database/Eloquent/Factories/Factory->create(Array, NULL)
#13 D:/KULIAH REVALINA/SEMESTER 4/PWL II/T3-SEEDER-FAKER/database/seeders/DatabaseSeeder.php(25): Illuminate/Database/Eloquent/Factories/Factory->create(Array)
#14 D:/KULIAH REVALINA/SEMESTER 4/PWL II/T3-SEEDER-FAKER/vendor/laravel/framework/src/Illuminate/Container/BoundMethod.php(36): Database/Seeders/DatabaseSeeder->run()
#15 D:/KULIAH REVALINA/SEMESTER 4/PWL II/T3-SEEDER-FAKER/vendor/laravel/framework/src/Illuminate/Container/Util.php(43): Illuminate/Container/BoundMethod::Illuminate/Container/{closure}()
#16 D:/KULIAH REVALINA/SEMESTER 4/PWL II/T3-SEEDER-FAKER/vendor/laravel/framework/src/Illuminate/Container/BoundMethod.php(96): Illuminate/Container/Util::unwrapIfClosure(Object(Closure))
#17 D:/KULIAH REVALINA/SEMESTER 4/PWL II/T3-SEEDER-FAKER/vendor/laravel/framework/src/Illuminate/Container/BoundMethod.php(35): Illuminate/Container/BoundMethod::callBoundMethod(Object(Illuminate/Foundation/Application), Array, Object(Closure))
#18 D:/KULIAH REVALINA/SEMESTER 4/PWL II/T3-SEEDER-FAKER/vendor/laravel/framework/src/Illuminate/Container/Container.php(799): Illuminate/Container/BoundMethod::call(Object(Illuminate/Foundation/Application), Array, Array, NULL)
#19 D:/KULIAH REVALINA/SEMESTER 4/PWL II/T3-SEEDER-FAKER/vendor/laravel/framework/src/Illuminate/Database/Seeder.php(184): Illuminate/Container/Container->call(Array, Array)
#20 D:/KULIAH REVALINA/SEMESTER 4/PWL II/T3-SEEDER-FAKER/vendor/laravel/framework/src/Illuminate/Database/Eloquent/Concerns/HasEvents.php(454): Illuminate/Database/Seeder->Illuminate/Database/{closure}()
#21 D:/KULIAH REVALINA/SEMESTER 4/PWL II/T3-SEEDER-FAKER/vendor/laravel/framework/src/Illuminate/Database/Console/Seeds/WithoutModelEvents.php(17): Illuminate/Database/Eloquent/Model::withoutEvents(Object(Closure))
#22 D:/KULIAH REVALINA/SEMESTER 4/PWL II/T3-SEEDER-FAKER/vendor/laravel/framework/src/Illuminate/Database/Seeder.php(193): Database/Seeders/DatabaseSeeder->Illuminate/Database/Console/Seeds/{closure}()
#23 D:/KULIAH REVALINA/SEMESTER 4/PWL II/T3-SEEDER-FAKER/vendor/laravel/framework/src/Illuminate/Database/Console/Seeds/SeedCommand.php(71): Illuminate/Database/Seeder->__invoke()
#24 D:/KULIAH REVALINA/SEMESTER 4/PWL II/T3-SEEDER-FAKER/vendor/laravel/framework/src/Illuminate/Database/Eloquent/Concerns/GuardsAttributes.php(157): Illuminate/Database/Console/Seeds/SeedCommand->Illuminate/Database/Console/Seeds/{closure}()
#25 D:/KULIAH REVALINA/SEMESTER 4/PWL II/T3-SEEDER-FAKER/vendor/laravel/framework/src/Illuminate/Database/Console/Seeds/SeedCommand.php(70): Illuminate/Database/Eloquent/Model::unguarded(Object(Closure))
#26 D:/KULIAH REVALINA/SEMESTER 4/PWL II/T3-SEEDER-FAKER/vendor/laravel/framework/src/Illuminate/Container/BoundMethod.php(36): Illuminate/Database/Console/Seeds/SeedCommand->handle()
#27 D:/KULIAH REVALINA/SEMESTER 4/PWL II/T3-SEEDER-FAKER/vendor/laravel/framework/src/Illuminate/Container/Util.php(43): Illuminate/Container/BoundMethod::Illuminate/Container/{closure}()
#28 D:/KULIAH REVALINA/SEMESTER 4/PWL II/T3-SEEDER-FAKER/vendor/laravel/framework/src/Illuminate/Container/BoundMethod.php(96): Illuminate/Container/Util::unwrapIfClosure(Object(Closure))
#29 D:/KULIAH REVALINA/SEMESTER 4/PWL II/T3-SEEDER-FAKER/vendor/laravel/framework/src/Illuminate/Container/BoundMethod.php(35): Illuminate/Container/BoundMethod::callBoundMethod(Object(Illuminate/Foundation/Application), Array, Object(Closure))
#30 D:/KULIAH REVALINA/SEMESTER 4/PWL II/T3-SEEDER-FAKER/vendor/laravel/framework/src/Illuminate/Container/Container.php(799): Illuminate/Container/BoundMethod::call(Object(Illuminate/Foundation/Application), Array, Array, NULL)
#31 D:/KULIAH REVALINA/SEMESTER 4/PWL II/T3-SEEDER-FAKER/vendor/laravel/framework/src/Illuminate/Console/Command.php(211): Illuminate/Container/Container->call(Array)
#32 D:/KULIAH REVALINA/SEMESTER 4/PWL II/T3-SEEDER-FAKER/vendor/symfony/console/Command/Command.php(341): Illuminate/Console/Command->execute(Object(Symfony/Component/Console/Input/ArgvInput), Object(Illuminate/Console/OutputStyle))
#33 D:/KULIAH REVALINA/SEMESTER 4/PWL II/T3-SEEDER-FAKER/vendor/laravel/framework/src/Illuminate/Console/Command.php(180): Symfony/Component/Console/Command/Command->run(Object(Symfony/Component/Console/Input/ArgvInput), Object(Illuminate/Console/OutputStyle))
#34 D:/KULIAH REVALINA/SEMESTER 4/PWL II/T3-SEEDER-FAKER/vendor/symfony/console/Application.php(1117): Illuminate/Console/Command->run(Object(Symfony/Component/Console/Input/ArgvInput), Object(Symfony/Component/Console/Output/ConsoleOutput))
#35 D:/KULIAH REVALINA/SEMESTER 4/PWL II/T3-SEEDER-FAKER/vendor/symfony/console/Application.php(356): Symfony/Component/Console/Application->doRunCommand(Object(Illuminate/Database/Console/Seeds/SeedCommand), Object(Symfony/Component/Console/Input/ArgvInput), Object(Symfony/Component/Console/Output/ConsoleOutput))
#36 D:/KULIAH REVALINA/SEMESTER 4/PWL II/T3-SEEDER-FAKER/vendor/symfony/console/Application.php(195): Symfony/Component/Console/Application->doRun(Object(Symfony/Component/Console/Input/ArgvInput), Object(Symfony/Component/Console/Output/ConsoleOutput))
#37 D:/KULIAH REVALINA/SEMESTER 4/PWL II/T3-SEEDER-FAKER/vendor/laravel/framework/src/Illuminate/Foundation/Console/Kernel.php(198): Symfony/Component/Console/Application->run(Object(Symfony/Component/Console/Input/ArgvInput), Object(Symfony/Component/Console/Output/ConsoleOutput))
#38 D:/KULIAH REVALINA/SEMESTER 4/PWL II/T3-SEEDER-FAKER/vendor/laravel/framework/src/Illuminate/Foundation/Application.php(1235): Illuminate/Foundation/Console/Kernel->handle(Object(Symfony/Component/Console/Input/ArgvInput), Object(Symfony/Component/Console/Output/ConsoleOutput))
#39 D:/KULIAH REVALINA/SEMESTER 4/PWL II/T3-SEEDER-FAKER/artisan(16): Illuminate/Foundation/Application->handleCommand(Object(Symfony/Component/Console/Input/ArgvInput))
#40 {main}

[previous exception] [object] (PDOException(code: 42S02): SQLSTATE[42S02]: Base table or view not found: 1146 Table 't3-seeder-faker.users' doesn't exist at D:/KULIAH REVALINA/SEMESTER 4/PWL II/T3-SEEDER-FAKER/vendor/laravel/framework/src/Illuminate/Database/MySqlConnection.php:47)
[stacktrace]
#0 D:/KULIAH REVALINA/SEMESTER 4/PWL II/T3-SEEDER-FAKER/vendor/laravel/framework/src/Illuminate/Database/MySqlConnection.php(47): PDO->prepare('insert into `us...')
#1 D:/KULIAH REVALINA/SEMESTER 4/PWL II/T3-SEEDER-FAKER/vendor/laravel/framework/src/Illuminate/Database/Connection.php(827): Illuminate/Database/MySqlConnection->Illuminate/Database/{closure}('insert into `us...', Array)
#2 D:/KULIAH REVALINA/SEMESTER 4/PWL II/T3-SEEDER-FAKER/vendor/laravel/framework/src/Illuminate/Database/Connection.php(794): Illuminate/Database/Connection->runQueryCallback('insert into `us...', Array, Object(Closure))
#3 D:/KULIAH REVALINA/SEMESTER 4/PWL II/T3-SEEDER-FAKER/vendor/laravel/framework/src/Illuminate/Database/MySqlConnection.php(42): Illuminate/Database/Connection->run('insert into `us...', Array, Object(Closure))
#4 D:/KULIAH REVALINA/SEMESTER 4/PWL II/T3-SEEDER-FAKER/vendor/laravel/framework/src/Illuminate/Database/Query/Processors/MySqlProcessor.php(35): Illuminate/Database/MySqlConnection->insert('insert into `us...', Array, 'id')
#5 D:/KULIAH REVALINA/SEMESTER 4/PWL II/T3-SEEDER-FAKER/vendor/laravel/framework/src/Illuminate/Database/Query/Builder.php(4170): Illuminate/Database/Query/Processors/MySqlProcessor->processInsertGetId(Object(Illuminate/Database/Query/Builder), 'insert into `us...', Array, 'id')
#6 D:/KULIAH REVALINA/SEMESTER 4/PWL II/T3-SEEDER-FAKER/vendor/laravel/framework/src/Illuminate/Database/Eloquent/Builder.php(2237): Illuminate/Database/Query/Builder->insertGetId(Array, 'id')
#7 D:/KULIAH REVALINA/SEMESTER 4/PWL II/T3-SEEDER-FAKER/vendor/laravel/framework/src/Illuminate/Database/Eloquent/Model.php(1436): Illuminate/Database/Eloquent/Builder->__call('insertGetId', Array)
#8 D:/KULIAH REVALINA/SEMESTER 4/PWL II/T3-SEEDER-FAKER/vendor/laravel/framework/src/Illuminate/Database/Eloquent/Model.php(1401): Illuminate/Database/Eloquent/Model->insertAndSetId(Object(Illuminate/Database/Eloquent/Builder), Array)
#9 D:/KULIAH REVALINA/SEMESTER 4/PWL II/T3-SEEDER-FAKER/vendor/laravel/framework/src/Illuminate/Database/Eloquent/Model.php(1240): Illuminate/Database/Eloquent/Model->performInsert(Object(Illuminate/Database/Eloquent/Builder))
#10 D:/KULIAH REVALINA/SEMESTER 4/PWL II/T3-SEEDER-FAKER/vendor/laravel/framework/src/Illuminate/Database/Eloquent/Factories/Factory.php(370): Illuminate/Database/Eloquent/Model->save()
#11 D:/KULIAH REVALINA/SEMESTER 4/PWL II/T3-SEEDER-FAKER/vendor/laravel/framework/src/Illuminate/Collections/Traits/EnumeratesValues.php(275): Illuminate/Database/Eloquent/Factories/Factory->Illuminate/Database/Eloquent/Factories/{closure}(Object(App/Models/User), 0)
#12 D:/KULIAH REVALINA/SEMESTER 4/PWL II/T3-SEEDER-FAKER/vendor/laravel/framework/src/Illuminate/Database/Eloquent/Factories/Factory.php(365): Illuminate/Support/Collection->each(Object(Closure))
#13 D:/KULIAH REVALINA/SEMESTER 4/PWL II/T3-SEEDER-FAKER/vendor/laravel/framework/src/Illuminate/Database/Eloquent/Factories/Factory.php(321): Illuminate/Database/Eloquent/Factories/Factory->store(Object(Illuminate/Support/Collection))
#14 D:/KULIAH REVALINA/SEMESTER 4/PWL II/T3-SEEDER-FAKER/vendor/laravel/framework/src/Illuminate/Database/Eloquent/Factories/Factory.php(315): Illuminate/Database/Eloquent/Factories/Factory->create(Array, NULL)
#15 D:/KULIAH REVALINA/SEMESTER 4/PWL II/T3-SEEDER-FAKER/database/seeders/DatabaseSeeder.php(25): Illuminate/Database/Eloquent/Factories/Factory->create(Array)
#16 D:/KULIAH REVALINA/SEMESTER 4/PWL II/T3-SEEDER-FAKER/vendor/laravel/framework/src/Illuminate/Container/BoundMethod.php(36): Database/Seeders/DatabaseSeeder->run()
#17 D:/KULIAH REVALINA/SEMESTER 4/PWL II/T3-SEEDER-FAKER/vendor/laravel/framework/src/Illuminate/Container/Util.php(43): Illuminate/Container/BoundMethod::Illuminate/Container/{closure}()
#18 D:/KULIAH REVALINA/SEMESTER 4/PWL II/T3-SEEDER-FAKER/vendor/laravel/framework/src/Illuminate/Container/BoundMethod.php(96): Illuminate/Container/Util::unwrapIfClosure(Object(Closure))
#19 D:/KULIAH REVALINA/SEMESTER 4/PWL II/T3-SEEDER-FAKER/vendor/laravel/framework/src/Illuminate/Container/BoundMethod.php(35): Illuminate/Container/BoundMethod::callBoundMethod(Object(Illuminate/Foundation/Application), Array, Object(Closure))
#20 D:/KULIAH REVALINA/SEMESTER 4/PWL II/T3-SEEDER-FAKER/vendor/laravel/framework/src/Illuminate/Container/Container.php(799): Illuminate/Container/BoundMethod::call(Object(Illuminate/Foundation/Application), Array, Array, NULL)
#21 D:/KULIAH REVALINA/SEMESTER 4/PWL II/T3-SEEDER-FAKER/vendor/laravel/framework/src/Illuminate/Database/Seeder.php(184): Illuminate/Container/Container->call(Array, Array)
#22 D:/KULIAH REVALINA/SEMESTER 4/PWL II/T3-SEEDER-FAKER/vendor/laravel/framework/src/Illuminate/Database/Eloquent/Concerns/HasEvents.php(454): Illuminate/Database/Seeder->Illuminate/Database/{closure}()
#23 D:/KULIAH REVALINA/SEMESTER 4/PWL II/T3-SEEDER-FAKER/vendor/laravel/framework/src/Illuminate/Database/Console/Seeds/WithoutModelEvents.php(17): Illuminate/Database/Eloquent/Model::withoutEvents(Object(Closure))
#24 D:/KULIAH REVALINA/SEMESTER 4/PWL II/T3-SEEDER-FAKER/vendor/laravel/framework/src/Illuminate/Database/Seeder.php(193): Database/Seeders/DatabaseSeeder->Illuminate/Database/Console/Seeds/{closure}()
#25 D:/KULIAH REVALINA/SEMESTER 4/PWL II/T3-SEEDER-FAKER/vendor/laravel/framework/src/Illuminate/Database/Console/Seeds/SeedCommand.php(71): Illuminate/Database/Seeder->__invoke()
#26 D:/KULIAH REVALINA/SEMESTER 4/PWL II/T3-SEEDER-FAKER/vendor/laravel/framework/src/Illuminate/Database/Eloquent/Concerns/GuardsAttributes.php(157): Illuminate/Database/Console/Seeds/SeedCommand->Illuminate/Database/Console/Seeds/{closure}()
#27 D:/KULIAH REVALINA/SEMESTER 4/PWL II/T3-SEEDER-FAKER/vendor/laravel/framework/src/Illuminate/Database/Console/Seeds/SeedCommand.php(70): Illuminate/Database/Eloquent/Model::unguarded(Object(Closure))
#28 D:/KULIAH REVALINA/SEMESTER 4/PWL II/T3-SEEDER-FAKER/vendor/laravel/framework/src/Illuminate/Container/BoundMethod.php(36): Illuminate/Database/Console/Seeds/SeedCommand->handle()
#29 D:/KULIAH REVALINA/SEMESTER 4/PWL II/T3-SEEDER-FAKER/vendor/laravel/framework/src/Illuminate/Container/Util.php(43): Illuminate/Container/BoundMethod::Illuminate/Container/{closure}()
#30 D:/KULIAH REVALINA/SEMESTER 4/PWL II/T3-SEEDER-FAKER/vendor/laravel/framework/src/Illuminate/Container/BoundMethod.php(96): Illuminate/Container/Util::unwrapIfClosure(Object(Closure))
#31 D:/KULIAH REVALINA/SEMESTER 4/PWL II/T3-SEEDER-FAKER/vendor/laravel/framework/src/Illuminate/Container/BoundMethod.php(35): Illuminate/Container/BoundMethod::callBoundMethod(Object(Illuminate/Foundation/Application), Array, Object(Closure))
#32 D:/KULIAH REVALINA/SEMESTER 4/PWL II/T3-SEEDER-FAKER/vendor/laravel/framework/src/Illuminate/Container/Container.php(799): Illuminate/Container/BoundMethod::call(Object(Illuminate/Foundation/Application), Array, Array, NULL)
#33 D:/KULIAH REVALINA/SEMESTER 4/PWL II/T3-SEEDER-FAKER/vendor/laravel/framework/src/Illuminate/Console/Command.php(211): Illuminate/Container/Container->call(Array)
#34 D:/KULIAH REVALINA/SEMESTER 4/PWL II/T3-SEEDER-FAKER/vendor/symfony/console/Command/Command.php(341): Illuminate/Console/Command->execute(Object(Symfony/Component/Console/Input/ArgvInput), Object(Illuminate/Console/OutputStyle))
#35 D:/KULIAH REVALINA/SEMESTER 4/PWL II/T3-SEEDER-FAKER/vendor/laravel/framework/src/Illuminate/Console/Command.php(180): Symfony/Component/Console/Command/Command->run(Object(Symfony/Component/Console/Input/ArgvInput), Object(Illuminate/Console/OutputStyle))
#36 D:/KULIAH REVALINA/SEMESTER 4/PWL II/T3-SEEDER-FAKER/vendor/symfony/console/Application.php(1117): Illuminate/Console/Command->run(Object(Symfony/Component/Console/Input/ArgvInput), Object(Symfony/Component/Console/Output/ConsoleOutput))
#37 D:/KULIAH REVALINA/SEMESTER 4/PWL II/T3-SEEDER-FAKER/vendor/symfony/console/Application.php(356): Symfony/Component/Console/Application->doRunCommand(Object(Illuminate/Database/Console/Seeds/SeedCommand), Object(Symfony/Component/Console/Input/ArgvInput), Object(Symfony/Component/Console/Output/ConsoleOutput))
#38 D:/KULIAH REVALINA/SEMESTER 4/PWL II/T3-SEEDER-FAKER/vendor/symfony/console/Application.php(195): Symfony/Component/Console/Application->doRun(Object(Symfony/Component/Console/Input/ArgvInput), Object(Symfony/Component/Console/Output/ConsoleOutput))
#39 D:/KULIAH REVALINA/SEMESTER 4/PWL II/T3-SEEDER-FAKER/vendor/laravel/framework/src/Illuminate/Foundation/Console/Kernel.php(198): Symfony/Component/Console/Application->run(Object(Symfony/Component/Console/Input/ArgvInput), Object(Symfony/Component/Console/Output/ConsoleOutput))
#40 D:/KULIAH REVALINA/SEMESTER 4/PWL II/T3-SEEDER-FAKER/vendor/laravel/framework/src/Illuminate/Foundation/Application.php(1235): Illuminate/Foundation/Console/Kernel->handle(Object(Symfony/Component/Console/Input/ArgvInput), Object(Symfony/Component/Console/Output/ConsoleOutput))
#41 D:/KULIAH REVALINA/SEMESTER 4/PWL II/T3-SEEDER-FAKER/artisan(16): Illuminate/Foundation/Application->handleCommand(Object(Symfony/Component/Console/Input/ArgvInput))
#42 {main}
"} 
